<?xml version="1.0" encoding="UTF-8"?>
<!-- Generated by org.testng.reporters.JUnitReportReporter -->
<testsuite hostname="DESKTOP-6QCP0R9" failures="0" tests="1" name="com.preeti.Loginpagetest" time="1.015" errors="0" timestamp="2023-08-16T14:07:35 IST" skipped="0">
  <testcase classname="com.preeti.Loginpagetest" name="validateloginfunctionality" time="1.015"/>
  <system-out/>
</testsuite> <!-- com.preeti.Loginpagetest -->
