<?xml version="1.0" encoding="UTF-8"?>
<!-- Generated by org.testng.reporters.JUnitReportReporter -->
<testsuite hostname="DESKTOP-6QCP0R9" failures="0" tests="1" name="com.preeti.Checkoutinfotest" time="1.075" errors="0" timestamp="2023-08-16T14:07:35 IST" skipped="0">
  <testcase classname="com.preeti.Checkoutinfotest" name="validatechkoutinfo" time="1.075"/>
  <system-out/>
</testsuite> <!-- com.preeti.Checkoutinfotest -->
