<?xml version="1.0" encoding="UTF-8"?>
<!-- Generated by org.testng.reporters.JUnitReportReporter -->
<testsuite hostname="DESKTOP-6QCP0R9" failures="0" tests="2" name="com.preeti.Productpagetest" time="0.611" errors="0" timestamp="2023-08-16T14:07:35 IST" skipped="0">
  <testcase classname="com.preeti.Productpagetest" name="addToCart" time="0.290"/>
  <system-out/>
  <testcase classname="com.preeti.Productpagetest" name="validateprodorder" time="0.321"/>
  <system-out/>
</testsuite> <!-- com.preeti.Productpagetest -->
